<?xml version="1.0" encoding="UTF-8"?>
<testng-results ignored="0" total="2" passed="2" failed="0" skipped="0">
  <reporter-output>
  </reporter-output>
  <suite started-at="2022-03-05T12:38:13 IST" name="Default suite" finished-at="2022-03-05T12:38:13 IST" duration-ms="17">
    <groups>
    </groups>
    <test started-at="2022-03-05T12:38:13 IST" name="Default test" finished-at="2022-03-05T12:38:13 IST" duration-ms="17">
      <class name="pckg1.HomePageTest">
        <test-method signature="test6()[pri:0, instance:pckg1.HomePageTest@2890c451]" started-at="2022-03-05T12:38:13 IST" name="test6" finished-at="2022-03-05T12:38:13 IST" duration-ms="3" status="PASS">
          <reporter-output>
          </reporter-output>
        </test-method> <!-- test6 -->
        <test-method signature="test3()[pri:0, instance:pckg1.HomePageTest@2890c451]" started-at="2022-03-05T12:38:13 IST" name="test3" finished-at="2022-03-05T12:38:13 IST" depends-on-methods="pckg1.HomePageTest.test6" duration-ms="1" status="PASS">
          <reporter-output>
          </reporter-output>
        </test-method> <!-- test3 -->
      </class> <!-- pckg1.HomePageTest -->
    </test> <!-- Default test -->
  </suite> <!-- Default suite -->
</testng-results>
