<?xml version="1.0" encoding="UTF-8"?>
<!-- Generated by org.testng.reporters.JUnitXMLReporter -->
<testsuite ignored="1" hostname="SEEMAs-MacBook-Pro.local" failures="0" tests="3" name="Test" time="0.019" errors="0" timestamp="2022-03-05T12:22:37 IST">
  <testcase classname="pckg1.AnnotationExample" name="text2" time="0.003"/>
  <testcase classname="pckg2.CheckoutTest" name="test4" time="0.001"/>
  <testcase classname="pckg1.HomePageTest" name="test3" time="0.0"/>
  <testcase classname="pckg1.AnnotationExample" name="text1" time="0.0">
    <ignored/>
  </testcase> <!-- text1 -->
</testsuite> <!-- Test -->
